<?xml version="1.0" encoding="UTF-8"?>
<!-- Generated by org.testng.reporters.JUnitReportReporter -->
<testsuite hostname="LAPTOP-DSBTRNM3" failures="0" tests="1" name="Automation.RestAssuredPractice.ComplexJsonParse" time="1.779" errors="0" timestamp="2025-05-04T23:33:34 IST" skipped="0">
  <testcase classname="Automation.RestAssuredPractice.ComplexJsonParse" name="parseComplexJSON" time="1.779"/>
</testsuite> <!-- Automation.RestAssuredPractice.ComplexJsonParse -->
