<?xml version="1.0" encoding="UTF-8"?>
<!-- Generated by org.testng.reporters.JUnitReportReporter -->
<testsuite hostname="LAPTOP-DSBTRNM3" failures="0" tests="3" name="Automation.RestAssuredPractice.LibraryAPI" time="3.729" errors="0" timestamp="2025-05-06T14:51:24 IST" skipped="0">
  <testcase classname="Automation.RestAssuredPractice.LibraryAPI" name="addABook" time="2.817"/>
  <testcase classname="Automation.RestAssuredPractice.LibraryAPI" name="addABook" time="0.490"/>
  <testcase classname="Automation.RestAssuredPractice.LibraryAPI" name="addABook" time="0.422"/>
</testsuite> <!-- Automation.RestAssuredPractice.LibraryAPI -->
